<?xml version="1.0" encoding="UTF-8"?>
<!-- Generated by org.testng.reporters.JUnitXMLReporter -->
<testsuite ignored="0" hostname="AbhimanMane" failures="0" tests="1" name="Test" time="0.18" errors="0" timestamp="2024-04-20T02:32:05 GMT-05:00">
  <testcase classname="meesho.normaltest" name="@BeforeClass openbrowser" time="-1.713598325112E9">
    <failure type="org.testng.TestNGException" message="
Can inject only one of &amp;lt;ITestContext, XmlTest&amp;gt; into a @BeforeClass annotated openbrowser.
For more information on native dependency injection please refer to https://testng.org/doc/documentation-main.html#native-dependency-injection">
      <![CDATA[org.testng.TestNGException: 
Can inject only one of <ITestContext, XmlTest> into a @BeforeClass annotated openbrowser.
For more information on native dependency injection please refer to https://testng.org/doc/documentation-main.html#native-dependency-injection
at java.base/java.util.ArrayList.forEach(ArrayList.java:1511)
... Removed 22 stack frames]]>
    </failure>
  </testcase> <!-- @BeforeClass openbrowser -->
  <testcase classname="meesho.normaltest" name="@BeforeMethod beforemethod" time="-1.713598325192E9">
    <skipped/>
  </testcase> <!-- @BeforeMethod beforemethod -->
  <testcase classname="meesho.normaltest" name="To_verify_search" time="0.0">
    <skipped/>
  </testcase> <!-- To_verify_search -->
</testsuite> <!-- Test -->
